The system is: Darwin - 12.2.0 - i386
Compiling the C compiler identification source file "CMakeCCompilerId.c" succeeded.
Compiler: /usr/bin/cc 
Build flags: 
Id flags: 

The output was:
0


Compilation of the C compiler identification source "CMakeCCompilerId.c" produced "a.out"

The C compiler identification is Clang, found in "/Users/korsch/EDM/geant/Pulstar/LightCollection4/CMakeFiles/2.8.10/CompilerIdC/a.out"

Compiling the CXX compiler identification source file "CMakeCXXCompilerId.cpp" succeeded.
Compiler: /usr/bin/c++ 
Build flags: 
Id flags: 

The output was:
0


Compilation of the CXX compiler identification source "CMakeCXXCompilerId.cpp" produced "a.out"

The CXX compiler identification is Clang, found in "/Users/korsch/EDM/geant/Pulstar/LightCollection4/CMakeFiles/2.8.10/CompilerIdCXX/a.out"

Determining if the C compiler works passed with the following output:
Change Dir: /Users/korsch/EDM/geant/Pulstar/LightCollection4/CMakeFiles/CMakeTmp

Run Build Command:/usr/bin/make "cmTryCompileExec1422901174/fast"
/usr/bin/make -f CMakeFiles/cmTryCompileExec1422901174.dir/build.make CMakeFiles/cmTryCompileExec1422901174.dir/build
/opt/local/bin/cmake -E cmake_progress_report /Users/korsch/EDM/geant/Pulstar/LightCollection4/CMakeFiles/CMakeTmp/CMakeFiles 1
Building C object CMakeFiles/cmTryCompileExec1422901174.dir/testCCompiler.c.o
/usr/bin/cc    -o CMakeFiles/cmTryCompileExec1422901174.dir/testCCompiler.c.o   -c /Users/korsch/EDM/geant/Pulstar/LightCollection4/CMakeFiles/CMakeTmp/testCCompiler.c
Linking C executable cmTryCompileExec1422901174
/opt/local/bin/cmake -E cmake_link_script CMakeFiles/cmTryCompileExec1422901174.dir/link.txt --verbose=1
/usr/bin/cc      -Wl,-search_paths_first -Wl,-headerpad_max_install_names   CMakeFiles/cmTryCompileExec1422901174.dir/testCCompiler.c.o  -o cmTryCompileExec1422901174  


Detecting C compiler ABI info compiled with the following output:
Change Dir: /Users/korsch/EDM/geant/Pulstar/LightCollection4/CMakeFiles/CMakeTmp

Run Build Command:/usr/bin/make "cmTryCompileExec1707220780/fast"
/usr/bin/make -f CMakeFiles/cmTryCompileExec1707220780.dir/build.make CMakeFiles/cmTryCompileExec1707220780.dir/build
/opt/local/bin/cmake -E cmake_progress_report /Users/korsch/EDM/geant/Pulstar/LightCollection4/CMakeFiles/CMakeTmp/CMakeFiles 1
Building C object CMakeFiles/cmTryCompileExec1707220780.dir/CMakeCCompilerABI.c.o
/usr/bin/cc    -o CMakeFiles/cmTryCompileExec1707220780.dir/CMakeCCompilerABI.c.o   -c /opt/local/share/cmake-2.8/Modules/CMakeCCompilerABI.c
Linking C executable cmTryCompileExec1707220780
/opt/local/bin/cmake -E cmake_link_script CMakeFiles/cmTryCompileExec1707220780.dir/link.txt --verbose=1
/usr/bin/cc      -Wl,-search_paths_first -Wl,-headerpad_max_install_names -v CMakeFiles/cmTryCompileExec1707220780.dir/CMakeCCompilerABI.c.o  -o cmTryCompileExec1707220780   
Apple LLVM version 4.2 (clang-425.0.24) (based on LLVM 3.2svn)
Target: x86_64-apple-darwin12.2.0
Thread model: posix
 "/usr/bin/ld" -demangle -dynamic -arch x86_64 -macosx_version_min 10.8.0 -o cmTryCompileExec1707220780 -search_paths_first -headerpad_max_install_names CMakeFiles/cmTryCompileExec1707220780.dir/CMakeCCompilerABI.c.o -lSystem /usr/bin/../lib/clang/4.2/lib/darwin/libclang_rt.osx.a


Parsed C implicit link information from above output:
  link line regex: [^( *|.*[/\])(ld|ld|collect2)[^/\]*( |$)]
  ignore line: [Change Dir: /Users/korsch/EDM/geant/Pulstar/LightCollection4/CMakeFiles/CMakeTmp]
  ignore line: []
  ignore line: [Run Build Command:/usr/bin/make "cmTryCompileExec1707220780/fast"]
  ignore line: [/usr/bin/make -f CMakeFiles/cmTryCompileExec1707220780.dir/build.make CMakeFiles/cmTryCompileExec1707220780.dir/build]
  ignore line: [/opt/local/bin/cmake -E cmake_progress_report /Users/korsch/EDM/geant/Pulstar/LightCollection4/CMakeFiles/CMakeTmp/CMakeFiles 1]
  ignore line: [Building C object CMakeFiles/cmTryCompileExec1707220780.dir/CMakeCCompilerABI.c.o]
  ignore line: [/usr/bin/cc    -o CMakeFiles/cmTryCompileExec1707220780.dir/CMakeCCompilerABI.c.o   -c /opt/local/share/cmake-2.8/Modules/CMakeCCompilerABI.c]
  ignore line: [Linking C executable cmTryCompileExec1707220780]
  ignore line: [/opt/local/bin/cmake -E cmake_link_script CMakeFiles/cmTryCompileExec1707220780.dir/link.txt --verbose=1]
  ignore line: [/usr/bin/cc      -Wl,-search_paths_first -Wl,-headerpad_max_install_names -v CMakeFiles/cmTryCompileExec1707220780.dir/CMakeCCompilerABI.c.o  -o cmTryCompileExec1707220780   ]
  ignore line: [Apple LLVM version 4.2 (clang-425.0.24) (based on LLVM 3.2svn)]
  ignore line: [Target: x86_64-apple-darwin12.2.0]
  ignore line: [Thread model: posix]
  link line: [ "/usr/bin/ld" -demangle -dynamic -arch x86_64 -macosx_version_min 10.8.0 -o cmTryCompileExec1707220780 -search_paths_first -headerpad_max_install_names CMakeFiles/cmTryCompileExec1707220780.dir/CMakeCCompilerABI.c.o -lSystem /usr/bin/../lib/clang/4.2/lib/darwin/libclang_rt.osx.a]
    arg [/usr/bin/ld] ==> ignore
    arg [-demangle] ==> ignore
    arg [-dynamic] ==> ignore
    arg [-arch] ==> ignore
    arg [x86_64] ==> ignore
    arg [-macosx_version_min] ==> ignore
    arg [10.8.0] ==> ignore
    arg [-o] ==> ignore
    arg [cmTryCompileExec1707220780] ==> ignore
    arg [-search_paths_first] ==> ignore
    arg [-headerpad_max_install_names] ==> ignore
    arg [CMakeFiles/cmTryCompileExec1707220780.dir/CMakeCCompilerABI.c.o] ==> ignore
    arg [-lSystem] ==> lib [System]
    arg [/usr/bin/../lib/clang/4.2/lib/darwin/libclang_rt.osx.a] ==> lib [/usr/bin/../lib/clang/4.2/lib/darwin/libclang_rt.osx.a]
  remove lib [System]
  implicit libs: [/usr/bin/../lib/clang/4.2/lib/darwin/libclang_rt.osx.a]
  implicit dirs: []


Determining if the CXX compiler works passed with the following output:
Change Dir: /Users/korsch/EDM/geant/Pulstar/LightCollection4/CMakeFiles/CMakeTmp

Run Build Command:/usr/bin/make "cmTryCompileExec98682264/fast"
/usr/bin/make -f CMakeFiles/cmTryCompileExec98682264.dir/build.make CMakeFiles/cmTryCompileExec98682264.dir/build
/opt/local/bin/cmake -E cmake_progress_report /Users/korsch/EDM/geant/Pulstar/LightCollection4/CMakeFiles/CMakeTmp/CMakeFiles 1
Building CXX object CMakeFiles/cmTryCompileExec98682264.dir/testCXXCompiler.cxx.o
/usr/bin/c++     -o CMakeFiles/cmTryCompileExec98682264.dir/testCXXCompiler.cxx.o -c /Users/korsch/EDM/geant/Pulstar/LightCollection4/CMakeFiles/CMakeTmp/testCXXCompiler.cxx
Linking CXX executable cmTryCompileExec98682264
/opt/local/bin/cmake -E cmake_link_script CMakeFiles/cmTryCompileExec98682264.dir/link.txt --verbose=1
/usr/bin/c++       -Wl,-search_paths_first -Wl,-headerpad_max_install_names   CMakeFiles/cmTryCompileExec98682264.dir/testCXXCompiler.cxx.o  -o cmTryCompileExec98682264  


Detecting CXX compiler ABI info compiled with the following output:
Change Dir: /Users/korsch/EDM/geant/Pulstar/LightCollection4/CMakeFiles/CMakeTmp

Run Build Command:/usr/bin/make "cmTryCompileExec3440981814/fast"
/usr/bin/make -f CMakeFiles/cmTryCompileExec3440981814.dir/build.make CMakeFiles/cmTryCompileExec3440981814.dir/build
/opt/local/bin/cmake -E cmake_progress_report /Users/korsch/EDM/geant/Pulstar/LightCollection4/CMakeFiles/CMakeTmp/CMakeFiles 1
Building CXX object CMakeFiles/cmTryCompileExec3440981814.dir/CMakeCXXCompilerABI.cpp.o
/usr/bin/c++     -o CMakeFiles/cmTryCompileExec3440981814.dir/CMakeCXXCompilerABI.cpp.o -c /opt/local/share/cmake-2.8/Modules/CMakeCXXCompilerABI.cpp
Linking CXX executable cmTryCompileExec3440981814
/opt/local/bin/cmake -E cmake_link_script CMakeFiles/cmTryCompileExec3440981814.dir/link.txt --verbose=1
/usr/bin/c++       -Wl,-search_paths_first -Wl,-headerpad_max_install_names -v CMakeFiles/cmTryCompileExec3440981814.dir/CMakeCXXCompilerABI.cpp.o  -o cmTryCompileExec3440981814   
Apple LLVM version 4.2 (clang-425.0.24) (based on LLVM 3.2svn)
Target: x86_64-apple-darwin12.2.0
Thread model: posix
 "/usr/bin/ld" -demangle -dynamic -arch x86_64 -macosx_version_min 10.8.0 -o cmTryCompileExec3440981814 -search_paths_first -headerpad_max_install_names CMakeFiles/cmTryCompileExec3440981814.dir/CMakeCXXCompilerABI.cpp.o -lstdc++ -lSystem /usr/bin/../lib/clang/4.2/lib/darwin/libclang_rt.osx.a


Parsed CXX implicit link information from above output:
  link line regex: [^( *|.*[/\])(ld|ld|collect2)[^/\]*( |$)]
  ignore line: [Change Dir: /Users/korsch/EDM/geant/Pulstar/LightCollection4/CMakeFiles/CMakeTmp]
  ignore line: []
  ignore line: [Run Build Command:/usr/bin/make "cmTryCompileExec3440981814/fast"]
  ignore line: [/usr/bin/make -f CMakeFiles/cmTryCompileExec3440981814.dir/build.make CMakeFiles/cmTryCompileExec3440981814.dir/build]
  ignore line: [/opt/local/bin/cmake -E cmake_progress_report /Users/korsch/EDM/geant/Pulstar/LightCollection4/CMakeFiles/CMakeTmp/CMakeFiles 1]
  ignore line: [Building CXX object CMakeFiles/cmTryCompileExec3440981814.dir/CMakeCXXCompilerABI.cpp.o]
  ignore line: [/usr/bin/c++     -o CMakeFiles/cmTryCompileExec3440981814.dir/CMakeCXXCompilerABI.cpp.o -c /opt/local/share/cmake-2.8/Modules/CMakeCXXCompilerABI.cpp]
  ignore line: [Linking CXX executable cmTryCompileExec3440981814]
  ignore line: [/opt/local/bin/cmake -E cmake_link_script CMakeFiles/cmTryCompileExec3440981814.dir/link.txt --verbose=1]
  ignore line: [/usr/bin/c++       -Wl,-search_paths_first -Wl,-headerpad_max_install_names -v CMakeFiles/cmTryCompileExec3440981814.dir/CMakeCXXCompilerABI.cpp.o  -o cmTryCompileExec3440981814   ]
  ignore line: [Apple LLVM version 4.2 (clang-425.0.24) (based on LLVM 3.2svn)]
  ignore line: [Target: x86_64-apple-darwin12.2.0]
  ignore line: [Thread model: posix]
  link line: [ "/usr/bin/ld" -demangle -dynamic -arch x86_64 -macosx_version_min 10.8.0 -o cmTryCompileExec3440981814 -search_paths_first -headerpad_max_install_names CMakeFiles/cmTryCompileExec3440981814.dir/CMakeCXXCompilerABI.cpp.o -lstdc++ -lSystem /usr/bin/../lib/clang/4.2/lib/darwin/libclang_rt.osx.a]
    arg [/usr/bin/ld] ==> ignore
    arg [-demangle] ==> ignore
    arg [-dynamic] ==> ignore
    arg [-arch] ==> ignore
    arg [x86_64] ==> ignore
    arg [-macosx_version_min] ==> ignore
    arg [10.8.0] ==> ignore
    arg [-o] ==> ignore
    arg [cmTryCompileExec3440981814] ==> ignore
    arg [-search_paths_first] ==> ignore
    arg [-headerpad_max_install_names] ==> ignore
    arg [CMakeFiles/cmTryCompileExec3440981814.dir/CMakeCXXCompilerABI.cpp.o] ==> ignore
    arg [-lstdc++] ==> lib [stdc++]
    arg [-lSystem] ==> lib [System]
    arg [/usr/bin/../lib/clang/4.2/lib/darwin/libclang_rt.osx.a] ==> lib [/usr/bin/../lib/clang/4.2/lib/darwin/libclang_rt.osx.a]
  remove lib [System]
  implicit libs: [stdc++;/usr/bin/../lib/clang/4.2/lib/darwin/libclang_rt.osx.a]
  implicit dirs: []


The system is: Darwin - 12.2.0 - i386
Compiling the C compiler identification source file "CMakeCCompilerId.c" succeeded.
Compiler: /usr/bin/cc 
Build flags: 
Id flags: 

The output was:
0


Compilation of the C compiler identification source "CMakeCCompilerId.c" produced "a.out"

The C compiler identification is Clang, found in "/Users/korsch/EDM/geant/Pulstar/LightCollection4/CMakeFiles/CompilerIdC/a.out"

Compiling the CXX compiler identification source file "CMakeCXXCompilerId.cpp" succeeded.
Compiler: /usr/bin/c++ 
Build flags: 
Id flags: 

The output was:
0


Compilation of the CXX compiler identification source "CMakeCXXCompilerId.cpp" produced "a.out"

The CXX compiler identification is Clang, found in "/Users/korsch/EDM/geant/Pulstar/LightCollection4/CMakeFiles/CompilerIdCXX/a.out"

Determining if the C compiler works passed with the following output:
Change Dir: /Users/korsch/EDM/geant/Pulstar/LightCollection4/CMakeFiles/CMakeTmp

Run Build Command:/usr/bin/make "cmTryCompileExec1132134924/fast"
/usr/bin/make -f CMakeFiles/cmTryCompileExec1132134924.dir/build.make CMakeFiles/cmTryCompileExec1132134924.dir/build
/opt/local/bin/cmake -E cmake_progress_report /Users/korsch/EDM/geant/Pulstar/LightCollection4/CMakeFiles/CMakeTmp/CMakeFiles 1
Building C object CMakeFiles/cmTryCompileExec1132134924.dir/testCCompiler.c.o
/usr/bin/cc    -o CMakeFiles/cmTryCompileExec1132134924.dir/testCCompiler.c.o   -c /Users/korsch/EDM/geant/Pulstar/LightCollection4/CMakeFiles/CMakeTmp/testCCompiler.c
Linking C executable cmTryCompileExec1132134924
/opt/local/bin/cmake -E cmake_link_script CMakeFiles/cmTryCompileExec1132134924.dir/link.txt --verbose=1
/usr/bin/cc      -Wl,-search_paths_first -Wl,-headerpad_max_install_names   CMakeFiles/cmTryCompileExec1132134924.dir/testCCompiler.c.o  -o cmTryCompileExec1132134924  


Detecting C compiler ABI info compiled with the following output:
Change Dir: /Users/korsch/EDM/geant/Pulstar/LightCollection4/CMakeFiles/CMakeTmp

Run Build Command:/usr/bin/make "cmTryCompileExec3718987812/fast"
/usr/bin/make -f CMakeFiles/cmTryCompileExec3718987812.dir/build.make CMakeFiles/cmTryCompileExec3718987812.dir/build
/opt/local/bin/cmake -E cmake_progress_report /Users/korsch/EDM/geant/Pulstar/LightCollection4/CMakeFiles/CMakeTmp/CMakeFiles 1
Building C object CMakeFiles/cmTryCompileExec3718987812.dir/CMakeCCompilerABI.c.o
/usr/bin/cc    -o CMakeFiles/cmTryCompileExec3718987812.dir/CMakeCCompilerABI.c.o   -c /opt/local/share/cmake-2.8/Modules/CMakeCCompilerABI.c
Linking C executable cmTryCompileExec3718987812
/opt/local/bin/cmake -E cmake_link_script CMakeFiles/cmTryCompileExec3718987812.dir/link.txt --verbose=1
/usr/bin/cc      -Wl,-search_paths_first -Wl,-headerpad_max_install_names -v CMakeFiles/cmTryCompileExec3718987812.dir/CMakeCCompilerABI.c.o  -o cmTryCompileExec3718987812   
Apple LLVM version 4.2 (clang-425.0.24) (based on LLVM 3.2svn)
Target: x86_64-apple-darwin12.2.0
Thread model: posix
 "/usr/bin/ld" -demangle -dynamic -arch x86_64 -macosx_version_min 10.8.0 -o cmTryCompileExec3718987812 -search_paths_first -headerpad_max_install_names CMakeFiles/cmTryCompileExec3718987812.dir/CMakeCCompilerABI.c.o -lSystem /usr/bin/../lib/clang/4.2/lib/darwin/libclang_rt.osx.a


Parsed C implicit link information from above output:
  link line regex: [^( *|.*[/\])(ld|ld|collect2)[^/\]*( |$)]
  ignore line: [Change Dir: /Users/korsch/EDM/geant/Pulstar/LightCollection4/CMakeFiles/CMakeTmp]
  ignore line: []
  ignore line: [Run Build Command:/usr/bin/make "cmTryCompileExec3718987812/fast"]
  ignore line: [/usr/bin/make -f CMakeFiles/cmTryCompileExec3718987812.dir/build.make CMakeFiles/cmTryCompileExec3718987812.dir/build]
  ignore line: [/opt/local/bin/cmake -E cmake_progress_report /Users/korsch/EDM/geant/Pulstar/LightCollection4/CMakeFiles/CMakeTmp/CMakeFiles 1]
  ignore line: [Building C object CMakeFiles/cmTryCompileExec3718987812.dir/CMakeCCompilerABI.c.o]
  ignore line: [/usr/bin/cc    -o CMakeFiles/cmTryCompileExec3718987812.dir/CMakeCCompilerABI.c.o   -c /opt/local/share/cmake-2.8/Modules/CMakeCCompilerABI.c]
  ignore line: [Linking C executable cmTryCompileExec3718987812]
  ignore line: [/opt/local/bin/cmake -E cmake_link_script CMakeFiles/cmTryCompileExec3718987812.dir/link.txt --verbose=1]
  ignore line: [/usr/bin/cc      -Wl,-search_paths_first -Wl,-headerpad_max_install_names -v CMakeFiles/cmTryCompileExec3718987812.dir/CMakeCCompilerABI.c.o  -o cmTryCompileExec3718987812   ]
  ignore line: [Apple LLVM version 4.2 (clang-425.0.24) (based on LLVM 3.2svn)]
  ignore line: [Target: x86_64-apple-darwin12.2.0]
  ignore line: [Thread model: posix]
  link line: [ "/usr/bin/ld" -demangle -dynamic -arch x86_64 -macosx_version_min 10.8.0 -o cmTryCompileExec3718987812 -search_paths_first -headerpad_max_install_names CMakeFiles/cmTryCompileExec3718987812.dir/CMakeCCompilerABI.c.o -lSystem /usr/bin/../lib/clang/4.2/lib/darwin/libclang_rt.osx.a]
    arg [/usr/bin/ld] ==> ignore
    arg [-demangle] ==> ignore
    arg [-dynamic] ==> ignore
    arg [-arch] ==> ignore
    arg [x86_64] ==> ignore
    arg [-macosx_version_min] ==> ignore
    arg [10.8.0] ==> ignore
    arg [-o] ==> ignore
    arg [cmTryCompileExec3718987812] ==> ignore
    arg [-search_paths_first] ==> ignore
    arg [-headerpad_max_install_names] ==> ignore
    arg [CMakeFiles/cmTryCompileExec3718987812.dir/CMakeCCompilerABI.c.o] ==> ignore
    arg [-lSystem] ==> lib [System]
    arg [/usr/bin/../lib/clang/4.2/lib/darwin/libclang_rt.osx.a] ==> lib [/usr/bin/../lib/clang/4.2/lib/darwin/libclang_rt.osx.a]
  remove lib [System]
  implicit libs: [/usr/bin/../lib/clang/4.2/lib/darwin/libclang_rt.osx.a]
  implicit dirs: []


Determining if the CXX compiler works passed with the following output:
Change Dir: /Users/korsch/EDM/geant/Pulstar/LightCollection4/CMakeFiles/CMakeTmp

Run Build Command:/usr/bin/make "cmTryCompileExec417498222/fast"
/usr/bin/make -f CMakeFiles/cmTryCompileExec417498222.dir/build.make CMakeFiles/cmTryCompileExec417498222.dir/build
/opt/local/bin/cmake -E cmake_progress_report /Users/korsch/EDM/geant/Pulstar/LightCollection4/CMakeFiles/CMakeTmp/CMakeFiles 1
Building CXX object CMakeFiles/cmTryCompileExec417498222.dir/testCXXCompiler.cxx.o
/usr/bin/c++     -o CMakeFiles/cmTryCompileExec417498222.dir/testCXXCompiler.cxx.o -c /Users/korsch/EDM/geant/Pulstar/LightCollection4/CMakeFiles/CMakeTmp/testCXXCompiler.cxx
Linking CXX executable cmTryCompileExec417498222
/opt/local/bin/cmake -E cmake_link_script CMakeFiles/cmTryCompileExec417498222.dir/link.txt --verbose=1
/usr/bin/c++       -Wl,-search_paths_first -Wl,-headerpad_max_install_names   CMakeFiles/cmTryCompileExec417498222.dir/testCXXCompiler.cxx.o  -o cmTryCompileExec417498222  


Detecting CXX compiler ABI info compiled with the following output:
Change Dir: /Users/korsch/EDM/geant/Pulstar/LightCollection4/CMakeFiles/CMakeTmp

Run Build Command:/usr/bin/make "cmTryCompileExec3103892892/fast"
/usr/bin/make -f CMakeFiles/cmTryCompileExec3103892892.dir/build.make CMakeFiles/cmTryCompileExec3103892892.dir/build
/opt/local/bin/cmake -E cmake_progress_report /Users/korsch/EDM/geant/Pulstar/LightCollection4/CMakeFiles/CMakeTmp/CMakeFiles 1
Building CXX object CMakeFiles/cmTryCompileExec3103892892.dir/CMakeCXXCompilerABI.cpp.o
/usr/bin/c++     -o CMakeFiles/cmTryCompileExec3103892892.dir/CMakeCXXCompilerABI.cpp.o -c /opt/local/share/cmake-2.8/Modules/CMakeCXXCompilerABI.cpp
Linking CXX executable cmTryCompileExec3103892892
/opt/local/bin/cmake -E cmake_link_script CMakeFiles/cmTryCompileExec3103892892.dir/link.txt --verbose=1
/usr/bin/c++       -Wl,-search_paths_first -Wl,-headerpad_max_install_names -v CMakeFiles/cmTryCompileExec3103892892.dir/CMakeCXXCompilerABI.cpp.o  -o cmTryCompileExec3103892892   
Apple LLVM version 4.2 (clang-425.0.24) (based on LLVM 3.2svn)
Target: x86_64-apple-darwin12.2.0
Thread model: posix
 "/usr/bin/ld" -demangle -dynamic -arch x86_64 -macosx_version_min 10.8.0 -o cmTryCompileExec3103892892 -search_paths_first -headerpad_max_install_names CMakeFiles/cmTryCompileExec3103892892.dir/CMakeCXXCompilerABI.cpp.o -lstdc++ -lSystem /usr/bin/../lib/clang/4.2/lib/darwin/libclang_rt.osx.a


Parsed CXX implicit link information from above output:
  link line regex: [^( *|.*[/\])(ld|ld|collect2)[^/\]*( |$)]
  ignore line: [Change Dir: /Users/korsch/EDM/geant/Pulstar/LightCollection4/CMakeFiles/CMakeTmp]
  ignore line: []
  ignore line: [Run Build Command:/usr/bin/make "cmTryCompileExec3103892892/fast"]
  ignore line: [/usr/bin/make -f CMakeFiles/cmTryCompileExec3103892892.dir/build.make CMakeFiles/cmTryCompileExec3103892892.dir/build]
  ignore line: [/opt/local/bin/cmake -E cmake_progress_report /Users/korsch/EDM/geant/Pulstar/LightCollection4/CMakeFiles/CMakeTmp/CMakeFiles 1]
  ignore line: [Building CXX object CMakeFiles/cmTryCompileExec3103892892.dir/CMakeCXXCompilerABI.cpp.o]
  ignore line: [/usr/bin/c++     -o CMakeFiles/cmTryCompileExec3103892892.dir/CMakeCXXCompilerABI.cpp.o -c /opt/local/share/cmake-2.8/Modules/CMakeCXXCompilerABI.cpp]
  ignore line: [Linking CXX executable cmTryCompileExec3103892892]
  ignore line: [/opt/local/bin/cmake -E cmake_link_script CMakeFiles/cmTryCompileExec3103892892.dir/link.txt --verbose=1]
  ignore line: [/usr/bin/c++       -Wl,-search_paths_first -Wl,-headerpad_max_install_names -v CMakeFiles/cmTryCompileExec3103892892.dir/CMakeCXXCompilerABI.cpp.o  -o cmTryCompileExec3103892892   ]
  ignore line: [Apple LLVM version 4.2 (clang-425.0.24) (based on LLVM 3.2svn)]
  ignore line: [Target: x86_64-apple-darwin12.2.0]
  ignore line: [Thread model: posix]
  link line: [ "/usr/bin/ld" -demangle -dynamic -arch x86_64 -macosx_version_min 10.8.0 -o cmTryCompileExec3103892892 -search_paths_first -headerpad_max_install_names CMakeFiles/cmTryCompileExec3103892892.dir/CMakeCXXCompilerABI.cpp.o -lstdc++ -lSystem /usr/bin/../lib/clang/4.2/lib/darwin/libclang_rt.osx.a]
    arg [/usr/bin/ld] ==> ignore
    arg [-demangle] ==> ignore
    arg [-dynamic] ==> ignore
    arg [-arch] ==> ignore
    arg [x86_64] ==> ignore
    arg [-macosx_version_min] ==> ignore
    arg [10.8.0] ==> ignore
    arg [-o] ==> ignore
    arg [cmTryCompileExec3103892892] ==> ignore
    arg [-search_paths_first] ==> ignore
    arg [-headerpad_max_install_names] ==> ignore
    arg [CMakeFiles/cmTryCompileExec3103892892.dir/CMakeCXXCompilerABI.cpp.o] ==> ignore
    arg [-lstdc++] ==> lib [stdc++]
    arg [-lSystem] ==> lib [System]
    arg [/usr/bin/../lib/clang/4.2/lib/darwin/libclang_rt.osx.a] ==> lib [/usr/bin/../lib/clang/4.2/lib/darwin/libclang_rt.osx.a]
  remove lib [System]
  implicit libs: [stdc++;/usr/bin/../lib/clang/4.2/lib/darwin/libclang_rt.osx.a]
  implicit dirs: []


